<?xml version="1.0" encoding="UTF-8"?>
<testsuite xmlns:xsi="http://www.w3.org/2001/XMLSchema-instance" xsi:noNamespaceSchemaLocation="https://maven.apache.org/surefire/maven-surefire-plugin/xsd/surefire-test-report-3.0.xsd" version="3.0" name="com.edme.pro.config.CardValidatorTest" time="0.101" tests="8" errors="0" skipped="0" failures="0">
  <properties>
[...]
</properties>
  <testcase name="validateCardNumber_shouldReturnTrue_forValidCardNumber" classname="com.edme.pro.config.CardValidatorTest" time="0.032">
    <system-out><![CDATA[Generated valid card number: 1436275248610701
]]></system-out>
  </testcase>
  <testcase name="cardNumberWithNonDigitCharacters_shouldReturnFalse" classname="com.edme.pro.config.CardValidatorTest" time="0.0">
    <system-out><![CDATA[Card number is not a number
]]></system-out>
  </testcase>
  <testcase name="validCardNumber_shouldReturnTrue" classname="com.edme.pro.config.CardValidatorTest" time="0.0"/>
  <testcase name="cardNumberWithExtraSpaces_shouldStillBeValid" classname="com.edme.pro.config.CardValidatorTest" time="0.0"/>
  <testcase name="validateCardNumber_shouldReturnFalse_forInvalidCardNumber" classname="com.edme.pro.config.CardValidatorTest" time="0.016">
    <system-out><![CDATA[Generated invalid card number: 7429717201029181
Invalid card number Checking in method : 7429717201029181
]]></system-out>
  </testcase>
  <testcase name="invalidCardNumber_shouldReturnFalse" classname="com.edme.pro.config.CardValidatorTest" time="0.006">
    <system-out><![CDATA[Invalid card number Checking in method : 1234567890123456
]]></system-out>
  </testcase>
  <testcase name="cardNumberTooShort_shouldReturnFalse" classname="com.edme.pro.config.CardValidatorTest" time="0.0">
    <system-out><![CDATA[Card number is shorter than 16 characters
]]></system-out>
  </testcase>
  <testcase name="cardNumberIsNull_shouldReturnFalse" classname="com.edme.pro.config.CardValidatorTest" time="0.0">
    <system-out><![CDATA[Card number is null
]]></system-out>
  </testcase>
</testsuite>