<?xml version="1.0" encoding="UTF-8"?>
<testsuite xmlns:xsi="http://www.w3.org/2001/XMLSchema-instance" xsi:noNamespaceSchemaLocation="https://maven.apache.org/surefire/maven-surefire-plugin/xsd/surefire-test-report-3.0.xsd" version="3.0" name="service.hibernate.CardHibernateServiceTest" time="0.129" tests="8" errors="0" skipped="0" failures="1">
  <properties>
[...]
</properties>
  <testcase name="delete_CardById_Success" classname="service.hibernate.CardHibernateServiceTest" time="0.072"/>
  <testcase name="deleteAll_ReturnsTrue" classname="service.hibernate.CardHibernateServiceTest" time="0.004"/>
  <testcase name="dropTable_ReturnsTrue" classname="service.hibernate.CardHibernateServiceTest" time="0.005"/>
  <testcase name="update_ValidCard_Success" classname="service.hibernate.CardHibernateServiceTest" time="0.004"/>
  <testcase name="findAll_ReturnsList" classname="service.hibernate.CardHibernateServiceTest" time="0.003"/>
  <testcase name="findById_CardExists_ReturnsCard" classname="service.hibernate.CardHibernateServiceTest" time="0.003"/>
  <testcase name="create_ValidCard_Success" classname="service.hibernate.CardHibernateServiceTest" time="0.008"/>
  <testcase name="create_InvalidCardNumber_ThrowsException" classname="service.hibernate.CardHibernateServiceTest" time="0.013">
    <failure message="Expected java.lang.IllegalArgumentException to be thrown, but nothing was thrown." type="org.opentest4j.AssertionFailedError"><![CDATA[org.opentest4j.AssertionFailedError: Expected java.lang.IllegalArgumentException to be thrown, but nothing was thrown.
	at org.junit.jupiter.api.AssertionFailureBuilder.build(AssertionFailureBuilder.java:152)
	at org.junit.jupiter.api.AssertThrows.assertThrows(AssertThrows.java:73)
	at org.junit.jupiter.api.AssertThrows.assertThrows(AssertThrows.java:35)
	at org.junit.jupiter.api.Assertions.assertThrows(Assertions.java:3111)
	at service.hibernate.CardHibernateServiceTest.create_InvalidCardNumber_ThrowsException(CardHibernateServiceTest.java:65)
	at java.base/java.lang.reflect.Method.invoke(Method.java:580)
	at java.base/java.util.ArrayList.forEach(ArrayList.java:1596)
	at java.base/java.util.ArrayList.forEach(ArrayList.java:1596)
]]></failure>
  </testcase>
</testsuite>