<?xml version="1.0" encoding="UTF-8"?>
<testsuite xmlns:xsi="http://www.w3.org/2001/XMLSchema-instance" xsi:noNamespaceSchemaLocation="https://maven.apache.org/surefire/maven-surefire-plugin/xsd/surefire-test-report-3.0.xsd" version="3.0" name="dao.spring.CardSpringDaoImplTest" time="0.248" tests="17" errors="0" skipped="0" failures="0">
  <properties>
[...]
</properties>
  <testcase name="createTable_WhenSuccess_ShouldReturnTrue" classname="dao.spring.CardSpringDaoImplTest" time="0.005">
    <system-out><![CDATA[15:50:16.687 [main] INFO  dao.spring.CardSpringDaoImpl - Create table processingcenterschema.card
]]></system-out>
  </testcase>
  <testcase name="delete_WhenCardExists_ShouldRemoveAndReturnTrue" classname="dao.spring.CardSpringDaoImplTest" time="0.003">
    <system-out><![CDATA[15:50:16.692 [main] INFO  dao.spring.CardSpringDaoImpl - Delete card : 1
]]></system-out>
  </testcase>
  <testcase name="findById_ShouldReturnOptional(Long, Card, boolean)[1]" classname="dao.spring.CardSpringDaoImplTest" time="0.071"/>
  <testcase name="findById_ShouldReturnOptional(Long, Card, boolean)[2]" classname="dao.spring.CardSpringDaoImplTest" time="0.002"/>
  <testcase name="deleteAll_WhenSuccess_ShouldReturnTrue" classname="dao.spring.CardSpringDaoImplTest" time="0.003">
    <system-out><![CDATA[15:50:16.831 [main] INFO  dao.spring.CardSpringDaoImpl - Delete all Cards
]]></system-out>
  </testcase>
  <testcase name="createTable_WhenException_ShouldReturnFalse" classname="dao.spring.CardSpringDaoImplTest" time="0.01">
    <system-out><![CDATA[15:50:16.841 [main] INFO  dao.spring.CardSpringDaoImpl - Create table processingcenterschema.card
]]></system-out>
  </testcase>
  <testcase name="deleteAll_WhenException_ShouldReturnFalse" classname="dao.spring.CardSpringDaoImplTest" time="0.004">
    <system-out><![CDATA[15:50:16.850 [main] INFO  dao.spring.CardSpringDaoImpl - Delete all Cards
]]></system-out>
  </testcase>
  <testcase name="findAll_ShouldCreateCorrectQuery" classname="dao.spring.CardSpringDaoImplTest" time="0.01"/>
  <testcase name="update_ShouldMergeCard" classname="dao.spring.CardSpringDaoImplTest" time="0.005"/>
  <testcase name="findAll_ShouldReturnListOfCards" classname="dao.spring.CardSpringDaoImplTest" time="0.004"/>
  <testcase name="insert_ShouldPersistAndFlushCard" classname="dao.spring.CardSpringDaoImplTest" time="0.005">
    <system-out><![CDATA[15:50:16.886 [main] INFO  dao.spring.CardSpringDaoImpl - Insert card : model.Card@4a163575
]]></system-out>
  </testcase>
  <testcase name="delete_WhenCardDoesNotExist_ShouldReturnFalse" classname="dao.spring.CardSpringDaoImplTest" time="0.005">
    <system-out><![CDATA[15:50:16.893 [main] INFO  dao.spring.CardSpringDaoImpl - Not deleted card : 2
]]></system-out>
  </testcase>
  <testcase name="dropTable_WhenException_ShouldReturnFalse" classname="dao.spring.CardSpringDaoImplTest" time="0.012">
    <system-out><![CDATA[15:50:16.904 [main] INFO  dao.spring.CardSpringDaoImpl - Dont drop table Card
]]></system-out>
  </testcase>
  <testcase name="findAll_ShouldReturnCorrectResults" classname="dao.spring.CardSpringDaoImplTest" time="0.005"/>
  <testcase name="findByValue_WhenCardNotExists_ShouldReturnEmptyOptional" classname="dao.spring.CardSpringDaoImplTest" time="0.003"/>
  <testcase name="dropTable_WhenSuccess_ShouldReturnTrue" classname="dao.spring.CardSpringDaoImplTest" time="0.006">
    <system-out><![CDATA[15:50:16.921 [main] INFO  dao.spring.CardSpringDaoImpl - Drop table Card
]]></system-out>
  </testcase>
  <testcase name="findByValue_WhenCardExists_ShouldReturnCard" classname="dao.spring.CardSpringDaoImplTest" time="0.005"/>
</testsuite>